<?xml version="1.0" encoding="UTF-8"?>
<!-- Generated by org.testng.reporters.JUnitReportReporter -->
<testsuite hostname="Akshays-MacBook-Air.local" failures="0" tests="1" name="validate_HTTP_Response_Status.CheckValidationUsingBDDStyle" time="1.585" errors="0" timestamp="2025-02-04T15:41:33 IST" skipped="0">
  <testcase classname="validate_HTTP_Response_Status.CheckValidationUsingBDDStyle" name="VerifyResponse" time="1.585"/>
</testsuite> <!-- validate_HTTP_Response_Status.CheckValidationUsingBDDStyle -->
