<?xml version="1.0" encoding="UTF-8"?>
<!-- Generated by org.testng.reporters.JUnitReportReporter -->
<testsuite hostname="Akshays-MacBook-Air.local" failures="0" tests="1" name="codeStudio.BearerTokenTest" time="2.043" errors="0" timestamp="2025-02-05T18:35:07 IST" skipped="0">
  <testcase classname="codeStudio.BearerTokenTest" name="verifyBearerToken" time="2.043"/>
</testsuite> <!-- codeStudio.BearerTokenTest -->
