<?xml version="1.0" encoding="UTF-8"?>
<!-- Generated by org.testng.reporters.JUnitReportReporter -->
<testsuite hostname="Akshays-MacBook-Air.local" failures="0" tests="1" name="codeStudio.PutRequest" time="1.647" errors="0" timestamp="2025-02-04T22:48:05 IST" skipped="0">
  <testcase classname="codeStudio.PutRequest" name="VerifyPut" time="1.647"/>
</testsuite> <!-- codeStudio.PutRequest -->
