<?xml version="1.0" encoding="UTF-8"?>
<!-- Generated by org.testng.reporters.JUnitReportReporter -->
<testsuite hostname="Akshays-MacBook-Air.local" failures="0" tests="1" name="SDET_QA.LoggingTest" time="2.515" errors="0" timestamp="2025-02-04T16:17:12 IST" skipped="0">
  <testcase classname="SDET_QA.LoggingTest" name="Verify_Loggings" time="2.515"/>
</testsuite> <!-- SDET_QA.LoggingTest -->
