<?xml version="1.0" encoding="UTF-8"?>
<!-- Generated by org.testng.reporters.JUnitReportReporter -->
<testsuite hostname="Akshays-MacBook-Air.local" failures="0" tests="1" name="codeStudio.DeleteRequest" time="1.604" errors="0" timestamp="2025-02-04T22:45:44 IST" skipped="0">
  <testcase classname="codeStudio.DeleteRequest" name="VerifyDelete" time="1.604"/>
</testsuite> <!-- codeStudio.DeleteRequest -->
