<?xml version="1.0" encoding="UTF-8"?>
<!-- Generated by org.testng.reporters.JUnitReportReporter -->
<testsuite hostname="Akshays-MacBook-Air.local" failures="0" tests="2" name="codeStudio.ValidateJSONResponseBody" time="1.998" errors="0" timestamp="2025-02-04T22:50:29 IST" skipped="0">
  <testcase classname="codeStudio.ValidateJSONResponseBody" name="VerifyJsonpath" time="1.862"/>
  <testcase classname="codeStudio.ValidateJSONResponseBody" name="VerifyResponseBody" time="0.136"/>
</testsuite> <!-- codeStudio.ValidateJSONResponseBody -->
