<?xml version="1.0" encoding="UTF-8"?>
<!-- Generated by org.testng.reporters.JUnitReportReporter -->
<testsuite hostname="Akshays-MacBook-Air.local" failures="0" tests="1" name="codeStudio.PathParameterAndQueryParameter" time="1.509" errors="0" timestamp="2025-02-04T22:47:04 IST" skipped="0">
  <testcase classname="codeStudio.PathParameterAndQueryParameter" name="VerifyQueryAndPath" time="1.509"/>
</testsuite> <!-- codeStudio.PathParameterAndQueryParameter -->
