<?xml version="1.0" encoding="UTF-8"?>
<!-- Generated by org.testng.reporters.JUnitReportReporter -->
<testsuite hostname="Akshays-MacBook-Air.local" failures="0" tests="1" name="codeStudio.Authorization_Basic_Authentication_Digest_Authentication" time="2.646" errors="0" timestamp="2025-02-05T14:56:52 IST" skipped="0">
  <testcase classname="codeStudio.Authorization_Basic_Authentication_Digest_Authentication" name="VerifyBasicAuthen" time="2.646"/>
</testsuite> <!-- codeStudio.Authorization_Basic_Authentication_Digest_Authentication -->
