<?xml version="1.0" encoding="UTF-8"?>
<!-- Generated by org.testng.reporters.JUnitReportReporter -->
<testsuite hostname="Akshays-MacBook-Air.local" failures="0" tests="1" name="codeStudio.AuthorizationBearerTokenAuthentication" time="1.626" errors="0" timestamp="2025-02-05T18:33:03 IST" skipped="0">
  <testcase classname="codeStudio.AuthorizationBearerTokenAuthentication" name="VerifyBearToke" time="1.626"/>
</testsuite> <!-- codeStudio.AuthorizationBearerTokenAuthentication -->
