<?xml version="1.0" encoding="UTF-8"?>
<!-- Generated by org.testng.reporters.JUnitReportReporter -->
<testsuite hostname="Akshays-MacBook-Air.local" failures="0" tests="1" name="codeStudio.API_KeyAuthentication" time="1.052" errors="0" timestamp="2025-02-05T19:08:14 IST" skipped="0">
  <testcase classname="codeStudio.API_KeyAuthentication" name="Verify_APIKey" time="1.052"/>
</testsuite> <!-- codeStudio.API_KeyAuthentication -->
