<?xml version="1.0" encoding="UTF-8"?>
<!-- Generated by org.testng.reporters.JUnitReportReporter -->
<testsuite hostname="Akshays-MacBook-Air.local" failures="0" tests="2" name="codeStudio.Cookies" time="1.751" errors="0" timestamp="2025-02-04T22:45:12 IST" skipped="1">
  <testcase classname="codeStudio.Cookies" name="GetCoockies" time="1.751"/>
  <testcase classname="codeStudio.Cookies" name="VerifyCoockie">
    <skipped/>
  </testcase> <!-- VerifyCoockie -->
</testsuite> <!-- codeStudio.Cookies -->
