<?xml version="1.0" encoding="UTF-8"?>
<!-- Generated by org.testng.reporters.JUnitReportReporter -->
<testsuite hostname="Akshays-MacBook-Air.local" failures="0" tests="1" name="shammiJha.DeleteRequest" time="1.532" errors="0" timestamp="2025-02-04T20:03:10 IST" skipped="0">
  <testcase classname="shammiJha.DeleteRequest" name="Verify_Delete" time="1.532"/>
</testsuite> <!-- shammiJha.DeleteRequest -->
