<?xml version="1.0" encoding="UTF-8"?>
<!-- Generated by org.testng.reporters.JUnitReportReporter -->
<testsuite hostname="Akshays-MacBook-Air.local" failures="0" tests="1" name="codeStudio.PostRequest" time="1.543" errors="0" timestamp="2025-02-04T22:47:40 IST" skipped="0">
  <testcase classname="codeStudio.PostRequest" name="VerifyPost" time="1.543"/>
</testsuite> <!-- codeStudio.PostRequest -->
