<?xml version="1.0" encoding="UTF-8"?>
<!-- Generated by org.testng.reporters.JUnitReportReporter -->
<testsuite hostname="Akshays-MacBook-Air.local" failures="0" tests="2" name="ATB10xRestAssured.NoBDDStyle" time="2.330" errors="0" timestamp="2025-03-12T11:02:57 IST" skipped="0">
  <testcase classname="ATB10xRestAssured.NoBDDStyle" name="VerifyGetRequest" time="1.645"/>
  <testcase classname="ATB10xRestAssured.NoBDDStyle" name="VerifyRequest" time="0.685"/>
</testsuite> <!-- ATB10xRestAssured.NoBDDStyle -->
