<?xml version="1.0" encoding="UTF-8"?>
<!-- Generated by org.testng.reporters.JUnitReportReporter -->
<testsuite hostname="Akshays-MacBook-Air.local" failures="0" tests="1" name="codeStudio.ResponseHeader" time="1.187" errors="0" timestamp="2025-02-04T22:48:36 IST" skipped="0">
  <testcase classname="codeStudio.ResponseHeader" name="VerifyHeader" time="1.187"/>
</testsuite> <!-- codeStudio.ResponseHeader -->
