<?xml version="1.0" encoding="UTF-8"?>
<!-- Generated by org.testng.reporters.JUnitReportReporter -->
<testsuite hostname="Akshays-MacBook-Air.local" failures="0" tests="1" name="ATB10xRestAssured.GetRequest" time="1.810" errors="0" timestamp="2025-03-12T22:45:16 IST" skipped="0">
  <testcase classname="ATB10xRestAssured.GetRequest" name="VerifyRequest" time="1.810"/>
</testsuite> <!-- ATB10xRestAssured.GetRequest -->
