<?xml version="1.0" encoding="UTF-8"?>
<!-- Generated by org.testng.reporters.JUnitReportReporter -->
<testsuite hostname="Akshays-MacBook-Air.local" failures="0" tests="1" name="shammiJha.PutPostMethod" time="3.603" errors="0" timestamp="2025-02-04T18:16:28 IST" skipped="0">
  <testcase classname="shammiJha.PutPostMethod" name="Verify_Post" time="3.603"/>
</testsuite> <!-- shammiJha.PutPostMethod -->
