<?xml version="1.0" encoding="UTF-8"?>
<!-- Generated by org.testng.reporters.JUnitReportReporter -->
<testsuite hostname="Akshays-MacBook-Air.local" failures="0" tests="1" name="validate_HTTP_Response_Status.Check_Validate_Response" time="6.040" errors="0" timestamp="2025-01-24T15:45:22 IST" skipped="0">
  <testcase classname="validate_HTTP_Response_Status.Check_Validate_Response" name="checkValidateResponse" time="6.040"/>
</testsuite> <!-- validate_HTTP_Response_Status.Check_Validate_Response -->
