<?xml version="1.0" encoding="UTF-8"?>
<!-- Generated by org.testng.reporters.JUnitReportReporter -->
<testsuite hostname="Akshays-MacBook-Air.local" failures="0" tests="2" name="ATB10xRestAssured.GetRequestWithTestAnnotation" time="2.335" errors="0" timestamp="2025-03-12T11:01:27 IST" skipped="0">
  <testcase classname="ATB10xRestAssured.GetRequestWithTestAnnotation" name="Verify" time="1.662"/>
  <testcase classname="ATB10xRestAssured.GetRequestWithTestAnnotation" name="VerifyGet" time="0.673"/>
</testsuite> <!-- ATB10xRestAssured.GetRequestWithTestAnnotation -->
