<?xml version="1.0" encoding="UTF-8"?>
<!-- Generated by org.testng.reporters.JUnitReportReporter -->
<testsuite hostname="Akshays-MacBook-Air.local" failures="0" tests="1" name="codeStudio.CheckValidationUsingBDDStyle" time="1.184" errors="0" timestamp="2025-02-04T22:44:32 IST" skipped="0">
  <testcase classname="codeStudio.CheckValidationUsingBDDStyle" name="VerifyResponse" time="1.184"/>
</testsuite> <!-- codeStudio.CheckValidationUsingBDDStyle -->
