<?xml version="1.0" encoding="UTF-8"?>
<!-- Generated by org.testng.reporters.JUnitReportReporter -->
<testsuite hostname="Akshays-MacBook-Air.local" failures="0" tests="1" name="shammiJha.GetMethod" time="3.602" errors="0" timestamp="2025-02-04T17:40:59 IST" skipped="0">
  <testcase classname="shammiJha.GetMethod" name="VerifyGetMethod" time="3.602"/>
</testsuite> <!-- shammiJha.GetMethod -->
