<?xml version="1.0" encoding="UTF-8"?>
<!-- Generated by org.testng.reporters.JUnitReportReporter -->
<testsuite hostname="Akshays-MacBook-Air.local" failures="0" tests="2" name="codeStudio.RestAssuredRequests" time="1.315" errors="0" timestamp="2025-02-04T22:49:22 IST" skipped="0">
  <testcase classname="codeStudio.RestAssuredRequests" name="Requests" time="0.112"/>
  <testcase classname="codeStudio.RestAssuredRequests" name="BDDStyleRequest" time="1.203"/>
</testsuite> <!-- codeStudio.RestAssuredRequests -->
