<?xml version="1.0" encoding="UTF-8"?>
<!-- Generated by org.testng.reporters.JUnitReportReporter -->
<testsuite hostname="Akshays-MacBook-Air.local" failures="0" tests="1" name="SDET_QA.HeaderHandling" time="2.554" errors="0" timestamp="2025-02-04T17:26:58 IST" skipped="0">
  <testcase classname="SDET_QA.HeaderHandling" name="Verify_Headers" time="2.554"/>
</testsuite> <!-- SDET_QA.HeaderHandling -->
