<?xml version="1.0" encoding="UTF-8"?>
<!-- Generated by org.testng.reporters.JUnitReportReporter -->
<testsuite hostname="Akshays-MacBook-Air.local" failures="0" tests="1" name="codeStudio.QueryParameters" time="1.553" errors="0" timestamp="2025-02-04T23:23:07 IST" skipped="0">
  <testcase classname="codeStudio.QueryParameters" name="VerifyFilterData" time="1.553"/>
</testsuite> <!-- codeStudio.QueryParameters -->
