<?xml version="1.0" encoding="UTF-8"?>
<!-- Generated by org.testng.reporters.JUnitReportReporter -->
<testsuite hostname="Akshays-MacBook-Air.local" failures="0" tests="1" name="httpsRequests.Post_Request_Payloads" time="1.476" errors="0" timestamp="2025-02-04T15:44:38 IST" skipped="0">
  <testcase classname="httpsRequests.Post_Request_Payloads" name="VerifyRequestPayload" time="1.476"/>
</testsuite> <!-- httpsRequests.Post_Request_Payloads -->
