<?xml version="1.0" encoding="UTF-8"?>
<!-- Generated by org.testng.reporters.JUnitReportReporter -->
<testsuite hostname="Akshays-MacBook-Air.local" failures="0" tests="1" name="codeStudio.Basic_Authentication_Digest_Authentication" time="2.035" errors="0" timestamp="2025-02-05T17:50:31 IST" skipped="0">
  <testcase classname="codeStudio.Basic_Authentication_Digest_Authentication" name="VerifyPreemptiveAuthen" time="2.035"/>
</testsuite> <!-- codeStudio.Basic_Authentication_Digest_Authentication -->
