<?xml version="1.0" encoding="UTF-8"?>
<!-- Generated by org.testng.reporters.JUnitReportReporter -->
<testsuite hostname="Akshays-MacBook-Air.local" failures="0" tests="4" name="httpsRequests.HTTPS_Requests" time="2.782" errors="0" timestamp="2025-02-04T15:45:12 IST" skipped="0">
  <testcase classname="httpsRequests.HTTPS_Requests" name="createUser" time="1.686"/>
  <testcase classname="httpsRequests.HTTPS_Requests" name="getUsers" time="0.161"/>
  <testcase classname="httpsRequests.HTTPS_Requests" name="updateUser" time="0.579"/>
  <testcase classname="httpsRequests.HTTPS_Requests" name="deleteUser" time="0.356"/>
</testsuite> <!-- httpsRequests.HTTPS_Requests -->
